<?xml version="1.0" encoding="UTF-8"?>
<!-- Generated by org.testng.reporters.JUnitReportReporter -->
<testsuite hostname="CPX-SJJHSRSSIFU" failures="0" tests="5" name="MavenJenkins.BusinessChoiceChromeTest" time="334.586" errors="0" timestamp="17 Jan 2019 22:14:26 GMT" skipped="0">
  <testcase classname="MavenJenkins.BusinessChoiceChromeTest" name="f" time="62.940"/>
  <testcase classname="MavenJenkins.BusinessChoiceChromeTest" name="f" time="62.149"/>
  <testcase classname="MavenJenkins.BusinessChoiceChromeTest" name="f" time="64.051"/>
  <testcase classname="MavenJenkins.BusinessChoiceChromeTest" name="f" time="70.880"/>
  <testcase classname="MavenJenkins.BusinessChoiceChromeTest" name="f" time="74.566"/>
</testsuite> <!-- MavenJenkins.BusinessChoiceChromeTest -->
