<?xml version="1.0" encoding="UTF-8"?>
<!-- Generated by org.testng.reporters.JUnitReportReporter -->
<testsuite hostname="CPX-SJJHSRSSIFU" failures="0" tests="1" name="MavenJenkins.BusinessChoiceFFTest" time="0.000" errors="0" timestamp="17 Jan 2019 16:26:35 GMT" skipped="1">
  <testcase classname="MavenJenkins.BusinessChoiceFFTest" name="FireFox" time="0.000">
    <skipped/>
  </testcase> <!-- FireFox -->
</testsuite> <!-- MavenJenkins.BusinessChoiceFFTest -->
