<?xml version="1.0" encoding="UTF-8"?>
<!-- Generated by org.testng.reporters.JUnitReportReporter -->
<testsuite hostname="CPX-SJJHSRSSIFU" failures="0" tests="3" name="MavenJenkins.BusinessChoiceFFTest" time="289.360" errors="0" timestamp="16 Jan 2019 16:32:43 GMT" skipped="0">
  <testcase classname="MavenJenkins.BusinessChoiceFFTest" name="FireFox" time="92.464"/>
  <testcase classname="MavenJenkins.BusinessChoiceFFTest" name="FireFox" time="97.619"/>
  <testcase classname="MavenJenkins.BusinessChoiceFFTest" name="FireFox" time="99.277"/>
</testsuite> <!-- MavenJenkins.BusinessChoiceFFTest -->
