<?xml version="1.0" encoding="UTF-8"?>
<!-- Generated by org.testng.reporters.JUnitReportReporter -->
<testsuite hostname="CPX-SJJHSRSSIFU" failures="0" tests="3" name="MavenJenkins.BusinessChoiceFF" time="240.462" errors="0" timestamp="14 Jan 2019 22:45:32 GMT" skipped="0">
  <testcase classname="MavenJenkins.BusinessChoiceFF" name="FireFox" time="78.971"/>
  <testcase classname="MavenJenkins.BusinessChoiceFF" name="FireFox" time="80.294"/>
  <testcase classname="MavenJenkins.BusinessChoiceFF" name="FireFox" time="81.197"/>
</testsuite> <!-- MavenJenkins.BusinessChoiceFF -->
