<?xml version="1.0" encoding="UTF-8"?>
<!-- Generated by org.testng.reporters.JUnitReportReporter -->
<testsuite hostname="CPX-SJJHSRSSIFU" failures="0" tests="3" name="MavenJenkins.BucessChoiceEdgeTest" time="157.880" errors="0" timestamp="09 Jan 2019 13:51:02 GMT" skipped="0">
  <testcase classname="MavenJenkins.BucessChoiceEdgeTest" name="f" time="52.136"/>
  <testcase classname="MavenJenkins.BucessChoiceEdgeTest" name="f" time="53.836"/>
  <testcase classname="MavenJenkins.BucessChoiceEdgeTest" name="f" time="51.908"/>
</testsuite> <!-- MavenJenkins.BucessChoiceEdgeTest -->
