<?xml version="1.0" encoding="UTF-8"?>
<!-- Generated by org.testng.reporters.JUnitReportReporter -->
<testsuite hostname="CPX-SJJHSRSSIFU" failures="0" tests="3" name="MavenJenkins.BusinessChoiceChromeTest" time="180.707" errors="0" timestamp="10 Jan 2019 13:28:09 GMT" skipped="0">
  <testcase classname="MavenJenkins.BusinessChoiceChromeTest" name="f" time="61.005"/>
  <testcase classname="MavenJenkins.BusinessChoiceChromeTest" name="f" time="60.759"/>
  <testcase classname="MavenJenkins.BusinessChoiceChromeTest" name="f" time="58.943"/>
</testsuite> <!-- MavenJenkins.BusinessChoiceChromeTest -->
