<?xml version="1.0" encoding="UTF-8"?>
<!-- Generated by org.testng.reporters.JUnitReportReporter -->
<testsuite hostname="CPX-SJJHSRSSIFU" failures="0" tests="3" name="MavenJenkins.BusinessChoiceFireFoxTest" time="282.410" errors="0" timestamp="09 Jan 2019 15:00:28 GMT" skipped="0">
  <testcase classname="MavenJenkins.BusinessChoiceFireFoxTest" name="f" time="82.884"/>
  <testcase classname="MavenJenkins.BusinessChoiceFireFoxTest" name="f" time="94.297"/>
  <testcase classname="MavenJenkins.BusinessChoiceFireFoxTest" name="f" time="105.229"/>
</testsuite> <!-- MavenJenkins.BusinessChoiceFireFoxTest -->
