<?xml version="1.0" encoding="UTF-8" ?>
<testsuite tests="6" failures="2" name="TestSuite" time="380.368" errors="0" skipped="0">
  <properties>
    <property name="java.runtime.name" value="Java(TM) SE Runtime Environment"/>
    <property name="java.vm.version" value="11.0.1+13-LTS"/>
    <property name="sun.boot.library.path" value="C:\Program Files\Java\jdk-11.0.1\bin"/>
    <property name="maven.multiModuleProjectDirectory" value="C:\Users\mitali.p.shah\git\repository\BusinessChoiceTests"/>
    <property name="java.vm.vendor" value="Oracle Corporation"/>
    <property name="java.vendor.url" value="http://java.oracle.com/"/>
    <property name="guice.disable.misplaced.annotation.check" value="true"/>
    <property name="path.separator" value=";"/>
    <property name="java.vm.name" value="Java HotSpot(TM) 64-Bit Server VM"/>
    <property name="sun.os.patch.level" value=""/>
    <property name="user.script" value=""/>
    <property name="user.country" value="US"/>
    <property name="sun.java.launcher" value="SUN_STANDARD"/>
    <property name="java.vm.specification.name" value="Java Virtual Machine Specification"/>
    <property name="user.dir" value="C:\Users\mitali.p.shah\git\repository\BusinessChoiceTests"/>
    <property name="java.vm.compressedOopsMode" value="Zero based"/>
    <property name="java.runtime.version" value="11.0.1+13-LTS"/>
    <property name="java.awt.graphicsenv" value="sun.awt.Win32GraphicsEnvironment"/>
    <property name="os.arch" value="amd64"/>
    <property name="java.io.tmpdir" value="C:\Users\MITALI~1.SHA\AppData\Local\Temp\"/>
    <property name="line.separator" value="
"/>
    <property name="java.vm.specification.vendor" value="Oracle Corporation"/>
    <property name="user.variant" value=""/>
    <property name="os.name" value="Windows 10"/>
    <property name="classworlds.conf" value="C:\Users\mitali.p.shah\eclipse-workspace\.metadata\.plugins\org.eclipse.m2e.launching\launches\m2conf16601251643672751655.tmp"/>
    <property name="sun.jnu.encoding" value="Cp1252"/>
    <property name="java.library.path" value="C:\Program Files\Java\jdk-11.0.1\bin;C:\windows\Sun\Java\bin;C:\windows\system32;C:\windows;C:/Program Files/Java/jdk-11.0.1/bin/server;C:/Program Files/Java/jdk-11.0.1/bin;C:\Program Files (x86)\Common Files\Oracle\Java\javapath;C:\windows\system32;C:\windows;C:\windows\System32\Wbem;C:\windows\System32\WindowsPowerShell\v1.0\;C:\windows\System32\OpenSSH\;C:\Program Files (x86)\Symantec\VIP Access Client\;C:\Program Files\Java\jdk-11.0.1\bin;C:\Program Files\Browsers;&quot;C:\Users\mitali.p.shah\Downloads\apache-maven-3.6.0\bin;&quot;;C:\Users\mitali.p.shah\AppData\Local\Microsoft\WindowsApps;C:\Users\mitali.p.shah\Downloads\apache-maven-3.6.0\bin;C:\Users\mitali.p.shah\AppData\Local\Programs\Git\cmd;C:\windows\system32;;."/>
    <property name="jdk.debug" value="release"/>
    <property name="java.class.version" value="55.0"/>
    <property name="java.specification.name" value="Java Platform API Specification"/>
    <property name="sun.management.compiler" value="HotSpot 64-Bit Tiered Compilers"/>
    <property name="os.version" value="10.0"/>
    <property name="user.home" value="C:\Users\mitali.p.shah"/>
    <property name="user.timezone" value="America/New_York"/>
    <property name="java.awt.printerjob" value="sun.awt.windows.WPrinterJob"/>
    <property name="file.encoding" value="Cp1252"/>
    <property name="java.specification.version" value="11"/>
    <property name="user.name" value="mitali.p.shah"/>
    <property name="java.class.path" value="C:\Users\mitali.p.shah\.p2\pool\plugins\org.eclipse.m2e.maven.runtime_1.10.0.20181127-2120\jars\plexus-classworlds-2.5.2.jar"/>
    <property name="java.vm.specification.version" value="11"/>
    <property name="sun.arch.data.model" value="64"/>
    <property name="sun.java.command" value="org.codehaus.plexus.classworlds.launcher.Launcher -B test"/>
    <property name="java.home" value="C:\Program Files\Java\jdk-11.0.1"/>
    <property name="user.language" value="en"/>
    <property name="java.specification.vendor" value="Oracle Corporation"/>
    <property name="awt.toolkit" value="sun.awt.windows.WToolkit"/>
    <property name="java.vm.info" value="mixed mode"/>
    <property name="java.version" value="11.0.1"/>
    <property name="java.vendor" value="Oracle Corporation"/>
    <property name="maven.home" value="C:\Users\mitali.p.shah\git\repository\BusinessChoiceTests\EMBEDDED"/>
    <property name="file.separator" value="\"/>
    <property name="java.version.date" value="2018-10-16"/>
    <property name="java.vendor.url.bug" value="http://bugreport.java.com/bugreport/"/>
    <property name="sun.io.unicode.encoding" value="UnicodeLittle"/>
    <property name="sun.cpu.endian" value="little"/>
    <property name="java.vendor.version" value="18.9"/>
    <property name="sun.desktop" value="windows"/>
    <property name="sun.cpu.isalist" value="amd64"/>
  </properties>
  <testcase classname="MavenJenkins.BusinessChoiceChromeTest" name="f" time="60.523"/>
  <testcase classname="MavenJenkins.BusinessChoiceChromeTest" name="f" time="61.728"/>
  <testcase classname="MavenJenkins.BusinessChoiceChromeTest" name="f" time="40.015">
    <failure message="no such element: Unable to locate element: {&quot;method&quot;:&quot;xpath&quot;,&quot;selector&quot;:&quot;//div[@class=&apos;ResModule section&apos;]&quot;}
  (Session info: chrome=71.0.3578.98)
  (Driver info: chromedriver=2.45.615291 (ec3682e3c9061c10f26ea9e5cdcf3c53f3f74387),platform=Windows NT 10.0.17134 x86_64) (WARNING: The server did not provide any stacktrace information)
Command duration or timeout: 0 milliseconds
For documentation on this error, please visit: https://www.seleniumhq.org/exceptions/no_such_element.html
Build info: version: &apos;3.141.59&apos;, revision: &apos;e82be7d358&apos;, time: &apos;2018-11-14T08:17:03&apos;
System info: host: &apos;CPX-SJJHSRSSIFU&apos;, ip: &apos;192.168.1.17&apos;, os.name: &apos;Windows 10&apos;, os.arch: &apos;amd64&apos;, os.version: &apos;10.0&apos;, java.version: &apos;11.0.1&apos;
Driver info: org.openqa.selenium.chrome.ChromeDriver
Capabilities {acceptInsecureCerts: false, acceptSslCerts: false, applicationCacheEnabled: false, browserConnectionEnabled: false, browserName: chrome, chrome: {chromedriverVersion: 2.45.615291 (ec3682e3c9061c..., userDataDir: C:\Users\MITALI~1.SHA\AppDa...}, cssSelectorsEnabled: true, databaseEnabled: false, goog:chromeOptions: {debuggerAddress: localhost:63419}, handlesAlerts: true, hasTouchScreen: false, javascriptEnabled: true, locationContextEnabled: true, mobileEmulationEnabled: false, nativeEvents: true, networkConnectionEnabled: false, pageLoadStrategy: normal, platform: XP, platformName: XP, proxy: Proxy(), rotatable: false, setWindowRect: true, strictFileInteractability: false, takesHeapSnapshot: true, takesScreenshot: true, timeouts: {implicit: 0, pageLoad: 300000, script: 30000}, unexpectedAlertBehaviour: ignore, unhandledPromptBehavior: ignore, version: 71.0.3578.98, webStorageEnabled: true}
Session ID: 2f14bc91308980159c0a869572c8b78f
*** Element info: {Using=xpath, value=//div[@class=&apos;ResModule section&apos;]}" type="org.openqa.selenium.NoSuchElementException">org.openqa.selenium.NoSuchElementException: no such element: Unable to locate element: {&quot;method&quot;:&quot;xpath&quot;,&quot;selector&quot;:&quot;//div[@class=&apos;ResModule section&apos;]&quot;}
  (Session info: chrome=71.0.3578.98)
  (Driver info: chromedriver=2.45.615291 (ec3682e3c9061c10f26ea9e5cdcf3c53f3f74387),platform=Windows NT 10.0.17134 x86_64) (WARNING: The server did not provide any stacktrace information)
Command duration or timeout: 0 milliseconds
For documentation on this error, please visit: https://www.seleniumhq.org/exceptions/no_such_element.html
Build info: version: &apos;3.141.59&apos;, revision: &apos;e82be7d358&apos;, time: &apos;2018-11-14T08:17:03&apos;
System info: host: &apos;CPX-SJJHSRSSIFU&apos;, ip: &apos;192.168.1.17&apos;, os.name: &apos;Windows 10&apos;, os.arch: &apos;amd64&apos;, os.version: &apos;10.0&apos;, java.version: &apos;11.0.1&apos;
Driver info: org.openqa.selenium.chrome.ChromeDriver
Capabilities {acceptInsecureCerts: false, acceptSslCerts: false, applicationCacheEnabled: false, browserConnectionEnabled: false, browserName: chrome, chrome: {chromedriverVersion: 2.45.615291 (ec3682e3c9061c..., userDataDir: C:\Users\MITALI~1.SHA\AppDa...}, cssSelectorsEnabled: true, databaseEnabled: false, goog:chromeOptions: {debuggerAddress: localhost:63419}, handlesAlerts: true, hasTouchScreen: false, javascriptEnabled: true, locationContextEnabled: true, mobileEmulationEnabled: false, nativeEvents: true, networkConnectionEnabled: false, pageLoadStrategy: normal, platform: XP, platformName: XP, proxy: Proxy(), rotatable: false, setWindowRect: true, strictFileInteractability: false, takesHeapSnapshot: true, takesScreenshot: true, timeouts: {implicit: 0, pageLoad: 300000, script: 30000}, unexpectedAlertBehaviour: ignore, unhandledPromptBehavior: ignore, version: 71.0.3578.98, webStorageEnabled: true}
Session ID: 2f14bc91308980159c0a869572c8b78f
*** Element info: {Using=xpath, value=//div[@class=&apos;ResModule section&apos;]}
	at java.base/jdk.internal.reflect.NativeConstructorAccessorImpl.newInstance0(Native Method)
	at java.base/jdk.internal.reflect.NativeConstructorAccessorImpl.newInstance(NativeConstructorAccessorImpl.java:62)
	at java.base/jdk.internal.reflect.DelegatingConstructorAccessorImpl.newInstance(DelegatingConstructorAccessorImpl.java:45)
	at java.base/java.lang.reflect.Constructor.newInstance(Constructor.java:490)
	at org.openqa.selenium.remote.ErrorHandler.createThrowable(ErrorHandler.java:214)
	at org.openqa.selenium.remote.ErrorHandler.throwIfResponseFailed(ErrorHandler.java:166)
	at org.openqa.selenium.remote.http.JsonHttpResponseCodec.reconstructValue(JsonHttpResponseCodec.java:40)
	at org.openqa.selenium.remote.http.AbstractHttpResponseCodec.decode(AbstractHttpResponseCodec.java:80)
	at org.openqa.selenium.remote.http.AbstractHttpResponseCodec.decode(AbstractHttpResponseCodec.java:44)
	at org.openqa.selenium.remote.HttpCommandExecutor.execute(HttpCommandExecutor.java:158)
	at org.openqa.selenium.remote.service.DriverCommandExecutor.execute(DriverCommandExecutor.java:83)
	at org.openqa.selenium.remote.RemoteWebDriver.execute(RemoteWebDriver.java:552)
	at org.openqa.selenium.remote.RemoteWebDriver.findElement(RemoteWebDriver.java:323)
	at org.openqa.selenium.remote.RemoteWebDriver.findElementByXPath(RemoteWebDriver.java:428)
	at org.openqa.selenium.By$ByXPath.findElement(By.java:353)
	at org.openqa.selenium.remote.RemoteWebDriver.findElement(RemoteWebDriver.java:315)
	at MavenJenkins.BusinessChoiceChromeTest.f(BusinessChoiceChromeTest.java:57)
</failure>
    <system-out>Hi, how are you today?
</system-out>
    <system-err>Starting ChromeDriver 2.45.615291 (ec3682e3c9061c10f26ea9e5cdcf3c53f3f74387) on port 31785
Only local connections are allowed.
Jan 14, 2019 8:43:34 PM org.openqa.selenium.remote.ProtocolHandshake createSession
INFO: Detected dialect: OSS
</system-err>
  </testcase>
  <testcase classname="MavenJenkins.BusinessChoiceFFTest" name="FireFox" time="54.783">
    <failure message="Unable to locate element: //div[@class=&apos;tab-pane ng-scope active&apos;]//div[@class=&apos;roomContainer first&apos;]//span[@class=&apos;ng-binding&apos;][contains(text(),&apos;SELECT ROOM&apos;)]
For documentation on this error, please visit: https://www.seleniumhq.org/exceptions/no_such_element.html
Build info: version: &apos;3.141.59&apos;, revision: &apos;e82be7d358&apos;, time: &apos;2018-11-14T08:17:03&apos;
System info: host: &apos;CPX-SJJHSRSSIFU&apos;, ip: &apos;192.168.1.17&apos;, os.name: &apos;Windows 10&apos;, os.arch: &apos;amd64&apos;, os.version: &apos;10.0&apos;, java.version: &apos;11.0.1&apos;
Driver info: org.openqa.selenium.firefox.FirefoxDriver
Capabilities {acceptInsecureCerts: true, browserName: firefox, browserVersion: 64.0.2, javascriptEnabled: true, moz:accessibilityChecks: false, moz:geckodriverVersion: 0.22.0, moz:headless: false, moz:processID: 49736, moz:profile: C:\Users\mitali.p.shah\AppD..., moz:shutdownTimeout: 60000, moz:useNonSpecCompliantPointerOrigin: false, moz:webdriverClick: true, pageLoadStrategy: normal, platform: WINDOWS, platformName: WINDOWS, platformVersion: 10.0, rotatable: false, setWindowRect: true, timeouts: {implicit: 0, pageLoad: 300000, script: 30000}, unhandledPromptBehavior: dismiss and notify}
Session ID: fc261977-1fbb-4207-a63c-ab5b6712203d
*** Element info: {Using=xpath, value=//div[@class=&apos;tab-pane ng-scope active&apos;]//div[@class=&apos;roomContainer first&apos;]//span[@class=&apos;ng-binding&apos;][contains(text(),&apos;SELECT ROOM&apos;)]}" type="org.openqa.selenium.NoSuchElementException">org.openqa.selenium.NoSuchElementException: Unable to locate element: //div[@class=&apos;tab-pane ng-scope active&apos;]//div[@class=&apos;roomContainer first&apos;]//span[@class=&apos;ng-binding&apos;][contains(text(),&apos;SELECT ROOM&apos;)]
For documentation on this error, please visit: https://www.seleniumhq.org/exceptions/no_such_element.html
Build info: version: &apos;3.141.59&apos;, revision: &apos;e82be7d358&apos;, time: &apos;2018-11-14T08:17:03&apos;
System info: host: &apos;CPX-SJJHSRSSIFU&apos;, ip: &apos;192.168.1.17&apos;, os.name: &apos;Windows 10&apos;, os.arch: &apos;amd64&apos;, os.version: &apos;10.0&apos;, java.version: &apos;11.0.1&apos;
Driver info: org.openqa.selenium.firefox.FirefoxDriver
Capabilities {acceptInsecureCerts: true, browserName: firefox, browserVersion: 64.0.2, javascriptEnabled: true, moz:accessibilityChecks: false, moz:geckodriverVersion: 0.22.0, moz:headless: false, moz:processID: 49736, moz:profile: C:\Users\mitali.p.shah\AppD..., moz:shutdownTimeout: 60000, moz:useNonSpecCompliantPointerOrigin: false, moz:webdriverClick: true, pageLoadStrategy: normal, platform: WINDOWS, platformName: WINDOWS, platformVersion: 10.0, rotatable: false, setWindowRect: true, timeouts: {implicit: 0, pageLoad: 300000, script: 30000}, unhandledPromptBehavior: dismiss and notify}
Session ID: fc261977-1fbb-4207-a63c-ab5b6712203d
*** Element info: {Using=xpath, value=//div[@class=&apos;tab-pane ng-scope active&apos;]//div[@class=&apos;roomContainer first&apos;]//span[@class=&apos;ng-binding&apos;][contains(text(),&apos;SELECT ROOM&apos;)]}
	at java.base/jdk.internal.reflect.NativeConstructorAccessorImpl.newInstance0(Native Method)
	at java.base/jdk.internal.reflect.NativeConstructorAccessorImpl.newInstance(NativeConstructorAccessorImpl.java:62)
	at java.base/jdk.internal.reflect.DelegatingConstructorAccessorImpl.newInstance(DelegatingConstructorAccessorImpl.java:45)
	at java.base/java.lang.reflect.Constructor.newInstance(Constructor.java:490)
	at org.openqa.selenium.remote.http.W3CHttpResponseCodec.createException(W3CHttpResponseCodec.java:187)
	at org.openqa.selenium.remote.http.W3CHttpResponseCodec.decode(W3CHttpResponseCodec.java:122)
	at org.openqa.selenium.remote.http.W3CHttpResponseCodec.decode(W3CHttpResponseCodec.java:49)
	at org.openqa.selenium.remote.HttpCommandExecutor.execute(HttpCommandExecutor.java:158)
	at org.openqa.selenium.remote.service.DriverCommandExecutor.execute(DriverCommandExecutor.java:83)
	at org.openqa.selenium.remote.RemoteWebDriver.execute(RemoteWebDriver.java:552)
	at org.openqa.selenium.remote.RemoteWebDriver.findElement(RemoteWebDriver.java:323)
	at org.openqa.selenium.remote.RemoteWebDriver.findElementByXPath(RemoteWebDriver.java:428)
	at org.openqa.selenium.By$ByXPath.findElement(By.java:353)
	at org.openqa.selenium.remote.RemoteWebDriver.findElement(RemoteWebDriver.java:315)
	at MavenJenkins.BusinessChoiceFFTest.FireFox(BusinessChoiceFFTest.java:108)
</failure>
    <system-out>Successfully captured a screenshot
Hi, how are you today?
Didnt find the Skip step
</system-out>
    <system-err>1547516653241	mozrunner::runner	INFO	Running command: &quot;C:\\Program Files\\Mozilla Firefox\\firefox.exe&quot; &quot;-marionette&quot; &quot;-foreground&quot; &quot;-no-remote&quot; &quot;-profile&quot; &quot;C:\\Users\\MITALI~1.SHA\\AppData\\Local\\Temp\\rust_mozprofile.NYALA5HQEZT7&quot;
1547516654110	addons.webextension.screenshots@mozilla.org	WARN	Loading extension &apos;screenshots@mozilla.org&apos;: Reading manifest: Invalid host permission: resource://pdf.js/
1547516654110	addons.webextension.screenshots@mozilla.org	WARN	Loading extension &apos;screenshots@mozilla.org&apos;: Reading manifest: Invalid host permission: about:reader*
1547516654251	Marionette	DEBUG	Received observer notification profile-after-change
1547516654374	Marionette	DEBUG	Received observer notification toplevel-window-ready
1547516654419	Marionette	DEBUG	Received observer notification command-line-startup
1547516654419	Marionette	DEBUG	Received observer notification nsPref:changed
1547516654419	Marionette	DEBUG	Init aborted (running=false, enabled=true, finalUIStartup=false)
1547516654576	Marionette	DEBUG	Received observer notification toplevel-window-ready
1547516656041	Marionette	DEBUG	Received observer notification sessionstore-windows-restored
1547516656042	Marionette	DEBUG	GFX sanity window detected, waiting until it has been closed...
1547516656131	Marionette	DEBUG	Received observer notification domwindowclosed
1547516656131	Marionette	DEBUG	Waiting for delayed startup...
1547516656421	Marionette	DEBUG	Setting recommended pref security.turn_off_all_security_so_that_viruses_can_take_over_this_computer to true
1547516656422	Marionette	DEBUG	Setting recommended pref apz.content_response_timeout to 60000
1547516656422	Marionette	DEBUG	Setting recommended pref browser.contentblocking.introCount to 99
1547516656422	Marionette	DEBUG	Setting recommended pref browser.download.panel.shown to true
1547516656423	Marionette	DEBUG	Setting recommended pref browser.newtabpage.enabled to false
1547516656423	Marionette	DEBUG	Setting recommended pref browser.pagethumbnails.capturing_disabled to true
1547516656424	Marionette	DEBUG	Setting recommended pref browser.search.update to false
1547516656424	Marionette	DEBUG	Setting recommended pref browser.tabs.disableBackgroundZombification to false
1547516656425	Marionette	DEBUG	Setting recommended pref browser.tabs.warnOnCloseOtherTabs to false
1547516656425	Marionette	DEBUG	Setting recommended pref browser.tabs.warnOnOpen to false
1547516656425	Marionette	DEBUG	Setting recommended pref browser.usedOnWindows10.introURL to 
1547516656425	Marionette	DEBUG	Setting recommended pref browser.urlbar.suggest.searches to false
1547516656426	Marionette	DEBUG	Setting recommended pref datareporting.policy.dataSubmissionPolicyAccepted to false
1547516656426	Marionette	DEBUG	Setting recommended pref dom.disable_beforeunload to true
1547516656426	Marionette	DEBUG	Setting recommended pref dom.disable_open_during_load to false
1547516656426	Marionette	DEBUG	Setting recommended pref dom.file.createInChild to true
1547516656426	Marionette	DEBUG	Setting recommended pref dom.max_chrome_script_run_time to 0
1547516656426	Marionette	DEBUG	Setting recommended pref dom.max_script_run_time to 0
1547516656427	Marionette	DEBUG	Setting recommended pref extensions.getAddons.cache.enabled to false
1547516656428	Marionette	DEBUG	Setting recommended pref extensions.webservice.discoverURL to http://%(server)s/dummy/discoveryURL
1547516656428	Marionette	DEBUG	Setting recommended pref network.http.prompt-temp-redirect to false
1547516656428	Marionette	DEBUG	Setting recommended pref network.http.speculative-parallel-limit to 0
1547516656428	Marionette	DEBUG	Setting recommended pref security.fileuri.strict_origin_policy to false
1547516656430	Marionette	DEBUG	Setting recommended pref security.notification_enable_delay to 0
1547516656430	Marionette	DEBUG	Setting recommended pref signon.autofillForms to false
1547516656430	Marionette	DEBUG	Setting recommended pref signon.rememberSignons to false
1547516656431	Marionette	DEBUG	Setting recommended pref toolkit.cosmeticAnimations.enabled to false
1547516656468	Marionette	INFO	Listening on port 63683
1547516656468	Marionette	DEBUG	Remote service is active
1547516656489	Marionette	DEBUG	Accepted connection 0 from 127.0.0.1:63688
1547516656490	Marionette	TRACE	0 -&gt; [0,1,&quot;WebDriver:NewSession&quot;,{&quot;acceptInsecureCerts&quot;:true,&quot;browserName&quot;:&quot;firefox&quot;}]
1547516656491	Marionette	WARN	TLS certificate errors will be ignored for this session
1547516656565	Marionette	DEBUG	[6442450945] Frame script loaded
1547516656567	Marionette	DEBUG	[6442450945] Frame script registered
1547516656572	Marionette	TRACE	0 &lt;- [1,1,null,{&quot;sessionId&quot;:&quot;fc261977-1fbb-4207-a63c-ab5b6712203d&quot;,&quot;capabilities&quot;:{&quot;browserName&quot;:&quot;firefox&quot;,&quot;browserVersion&quot;:&quot;64.0. ... ozprofile.NYALA5HQEZT7&quot;,&quot;moz:shutdownTimeout&quot;:60000,&quot;moz:useNonSpecCompliantPointerOrigin&quot;:false,&quot;moz:webdriverClick&quot;:true}}]
Jan 14, 2019 8:44:16 PM org.openqa.selenium.remote.ProtocolHandshake createSession
INFO: Detected dialect: W3C
1547516656589	Marionette	TRACE	0 -&gt; [0,2,&quot;WebDriver:MaximizeWindow&quot;,{}]
1547516660109	Marionette	TRACE	0 &lt;- [1,2,null,{&quot;x&quot;:-7,&quot;y&quot;:-7,&quot;width&quot;:1295,&quot;height&quot;:695,&quot;state&quot;:&quot;maximized&quot;}]
1547516660116	Marionette	TRACE	0 -&gt; [0,3,&quot;WebDriver:Navigate&quot;,{&quot;url&quot;:&quot;https://ecom:ec0m@staging.www.ihg.com/hotels/us/en/global/bc/home&quot;}]
1547516660174	Marionette	DEBUG	[6442450945] Received DOM event beforeunload for about:blank
1547516660981	Marionette	DEBUG	[6442450945] Received DOM event pagehide for about:blank
1547516661927	Marionette	DEBUG	[6442450945] Received DOM event DOMContentLoaded for https://staging.www.ihg.com/rewardsclub/us/en/sign-in/?fwdest=https://staging.www.ihg.com/hotels/us/en/global/bc/home
JavaScript warning: https://www.googletagmanager.com/gtag/js?id=AW-1042577807, line 87: unreachable code after return statement
JavaScript warning: https://www.googletagmanager.com/gtag/js?id=AW-1042577807, line 147: unreachable code after return statement
JavaScript warning: https://www.googletagmanager.com/gtag/js?id=AW-1042577807, line 147: unreachable code after return statement
JavaScript warning: https://www.googletagmanager.com/gtag/js?id=AW-1042577807, line 147: unreachable code after return statement
1547516665795	Marionette	DEBUG	[6442450945] Received observer notification outer-window-destroyed
JavaScript warning: https://www.googletagmanager.com/gtag/js?id=AW-1042577807, line 87: unreachable code after return statement
JavaScript warning: https://www.googletagmanager.com/gtag/js?id=AW-1042577807, line 147: unreachable code after return statement
1547516667176	Marionette	DEBUG	[6442450945] Received DOM event pageshow for https://staging.www.ihg.com/rewardsclub/us/en/sign-in/?fwdest=https://staging.www.ihg.com/hotels/us/en/global/bc/home
1547516667180	Marionette	TRACE	0 &lt;- [1,3,null,{&quot;value&quot;:null}]
1547516670207	Marionette	TRACE	0 -&gt; [0,4,&quot;WebDriver:FindElement&quot;,{&quot;using&quot;:&quot;xpath&quot;,&quot;value&quot;:&quot;//div[contains(@class,&apos;m-bottom-15 emailPCR&apos;)]/input&quot;}]
1547516670214	Marionette	TRACE	0 &lt;- [1,4,null,{&quot;value&quot;:{&quot;element-6066-11e4-a52e-4f735466cecf&quot;:&quot;99bc33df-2c35-4073-9a8a-0488759eeab3&quot;}}]
1547516670235	Marionette	TRACE	0 -&gt; [0,5,&quot;WebDriver:ElementSendKeys&quot;,{&quot;id&quot;:&quot;99bc33df-2c35-4073-9a8a-0488759eeab3&quot;,&quot;text&quot;:&quot;176380600&quot;,&quot;value&quot;:[&quot;1&quot;,&quot;7&quot;,&quot;6&quot;,&quot;3&quot;,&quot;8&quot;,&quot;0&quot;,&quot;6&quot;,&quot;0&quot;,&quot;0&quot;]}]
1547516670278	Marionette	TRACE	0 &lt;- [1,5,null,{&quot;value&quot;:null}]
1547516670286	Marionette	TRACE	0 -&gt; [0,6,&quot;WebDriver:FindElement&quot;,{&quot;using&quot;:&quot;xpath&quot;,&quot;value&quot;:&quot;//div[contains(@class,&apos;m-bottom-15 pinPCR&apos;)]/input&quot;}]
1547516670289	Marionette	TRACE	0 &lt;- [1,6,null,{&quot;value&quot;:{&quot;element-6066-11e4-a52e-4f735466cecf&quot;:&quot;6d928ad0-afca-43d3-80f9-ceab204d972e&quot;}}]
1547516670302	Marionette	TRACE	0 -&gt; [0,7,&quot;WebDriver:ElementSendKeys&quot;,{&quot;id&quot;:&quot;6d928ad0-afca-43d3-80f9-ceab204d972e&quot;,&quot;text&quot;:&quot;7890&quot;,&quot;value&quot;:[&quot;7&quot;,&quot;8&quot;,&quot;9&quot;,&quot;0&quot;]}]
1547516670324	Marionette	TRACE	0 &lt;- [1,7,null,{&quot;value&quot;:null}]
1547516670330	Marionette	TRACE	0 -&gt; [0,8,&quot;WebDriver:FindElement&quot;,{&quot;using&quot;:&quot;xpath&quot;,&quot;value&quot;:&quot;//button[@id=&apos;tpiSubmitButton&apos;]&quot;}]
1547516670333	Marionette	TRACE	0 &lt;- [1,8,null,{&quot;value&quot;:{&quot;element-6066-11e4-a52e-4f735466cecf&quot;:&quot;0c8b1757-8368-4958-ba7a-2baca3dff3b8&quot;}}]
1547516670338	Marionette	TRACE	0 -&gt; [0,9,&quot;WebDriver:ElementClick&quot;,{&quot;id&quot;:&quot;0c8b1757-8368-4958-ba7a-2baca3dff3b8&quot;}]
1547516670364	Marionette	DEBUG	[6442450945] Received DOM event beforeunload for https://staging.www.ihg.com/rewardsclub/us/en/sign-in/?fwdest=https://staging.www.ihg.com/hotels/us/en/global/bc/home
1547516673363	Marionette	DEBUG	[6442450945] Received DOM event pagehide for https://staging.www.ihg.com/rewardsclub/us/en/sign-in/?fwdest=https://staging.www.ihg.com/hotels/us/en/global/bc/home
1547516673364	Marionette	DEBUG	[6442450945] Received DOM event unload for https://staging.www.ihg.com/rewardsclub/us/en/sign-in/?fwdest=https://staging.www.ihg.com/hotels/us/en/global/bc/home
1547516673569	Marionette	DEBUG	[6442450945] Received observer notification outer-window-destroyed
1547516673569	Marionette	DEBUG	[6442450945] Received observer notification outer-window-destroyed
1547516673570	Marionette	DEBUG	[6442450945] Received observer notification outer-window-destroyed
1547516673570	Marionette	DEBUG	[6442450945] Received observer notification outer-window-destroyed
1547516673570	Marionette	DEBUG	[6442450945] Received observer notification outer-window-destroyed
1547516673570	Marionette	DEBUG	[6442450945] Received observer notification outer-window-destroyed
1547516673571	Marionette	DEBUG	[6442450945] Received observer notification outer-window-destroyed
1547516673572	Marionette	DEBUG	[6442450945] Received observer notification outer-window-destroyed
1547516673722	Marionette	DEBUG	[6442450945] Received DOM event DOMContentLoaded for https://staging.www.ihg.com/rewardsclub/us/en/sign-in/?fwdest=https://staging.www.ihg.com/hotels/us/en/global/bc/home
1547516675217	Marionette	DEBUG	[6442450945] Received observer notification outer-window-destroyed
1547516675620	Marionette	DEBUG	[6442450945] Received DOM event beforeunload for https://staging.www.ihg.com/rewardsclub/us/en/sign-in/?fwdest=https://staging.www.ihg.com/hotels/us/en/global/bc/home
1547516675664	Marionette	DEBUG	[6442450945] Received DOM event pageshow for https://staging.www.ihg.com/rewardsclub/us/en/sign-in/?fwdest=https://staging.www.ihg.com/hotels/us/en/global/bc/home
1547516675665	Marionette	TRACE	0 &lt;- [1,9,null,{&quot;value&quot;:null}]
console.error: BroadcastService: 
  receivedBroadcastMessage: handler for
  remote-settings/monitor_changes
  threw error:
  Message: Error: Polling for changes failed: NetworkError when attempting to fetch resource..
  Stack:
    remoteSettingsFunction/remoteSettings.pollChanges@resource://services-settings/remote-settings.js:750:13

1547516678674	Marionette	TRACE	0 -&gt; [0,10,&quot;WebDriver:FindElement&quot;,{&quot;using&quot;:&quot;xpath&quot;,&quot;value&quot;:&quot;//div[@class=&apos;ResModule section&apos;]&quot;}]
1547516678700	Marionette	TRACE	0 &lt;- [1,10,null,{&quot;value&quot;:{&quot;element-6066-11e4-a52e-4f735466cecf&quot;:&quot;6edcaad7-7a4b-49d9-bca2-778725e76590&quot;}}]
1547516678706	Marionette	TRACE	0 -&gt; [0,11,&quot;WebDriver:ExecuteScript&quot;,{&quot;args&quot;:[{&quot;ELEMENT&quot;:&quot;6edcaad7-7a4b-49d9-bca2-778725e76590&quot;,&quot;element-6066-11e4-a52e-4f735466ce ... ca2-778725e76590&quot;}],&quot;newSandbox&quot;:false,&quot;script&quot;:&quot;arguments[0].scrollIntoView();&quot;,&quot;scriptTimeout&quot;:null,&quot;specialPowers&quot;:false}]
1547516678716	Marionette	TRACE	0 &lt;- [1,11,null,{&quot;value&quot;:null}]
1547516678722	Marionette	TRACE	0 -&gt; [0,12,&quot;WebDriver:FindElement&quot;,{&quot;using&quot;:&quot;xpath&quot;,&quot;value&quot;:&quot;//input[@id=&apos;destination&apos;]&quot;}]
1547516678728	Marionette	TRACE	0 &lt;- [1,12,null,{&quot;value&quot;:{&quot;element-6066-11e4-a52e-4f735466cecf&quot;:&quot;12c693ab-02b0-4aad-be13-dcdd20680dd8&quot;}}]
1547516678735	Marionette	TRACE	0 -&gt; [0,13,&quot;WebDriver:ElementClick&quot;,{&quot;id&quot;:&quot;12c693ab-02b0-4aad-be13-dcdd20680dd8&quot;}]
1547516678980	Marionette	DEBUG	[6442450945] Canceled page load listener because no navigation has been detected
1547516678981	Marionette	TRACE	0 &lt;- [1,13,null,{&quot;value&quot;:null}]
1547516678986	Marionette	TRACE	0 -&gt; [0,14,&quot;WebDriver:FindElement&quot;,{&quot;using&quot;:&quot;xpath&quot;,&quot;value&quot;:&quot;//input[@id=&apos;destination&apos;]&quot;}]
1547516678990	Marionette	TRACE	0 &lt;- [1,14,null,{&quot;value&quot;:{&quot;element-6066-11e4-a52e-4f735466cecf&quot;:&quot;12c693ab-02b0-4aad-be13-dcdd20680dd8&quot;}}]
1547516678996	Marionette	TRACE	0 -&gt; [0,15,&quot;WebDriver:ElementSendKeys&quot;,{&quot;id&quot;:&quot;12c693ab-02b0-4aad-be13-dcdd20680dd8&quot;,&quot;text&quot;:&quot;Washington Dc, DC, United States&quot;,&quot;val ... a&quot;,&quot;s&quot;,&quot;h&quot;,&quot;i&quot;,&quot;n&quot;,&quot;g&quot;,&quot;t&quot;,&quot;o&quot;,&quot;n&quot;,&quot; &quot;,&quot;D&quot;,&quot;c&quot;,&quot;,&quot;,&quot; &quot;,&quot;D&quot;,&quot;C&quot;,&quot;,&quot;,&quot; &quot;,&quot;U&quot;,&quot;n&quot;,&quot;i&quot;,&quot;t&quot;,&quot;e&quot;,&quot;d&quot;,&quot; &quot;,&quot;S&quot;,&quot;t&quot;,&quot;a&quot;,&quot;t&quot;,&quot;e&quot;,&quot;s&quot;]}]
1547516679102	Marionette	TRACE	0 &lt;- [1,15,null,{&quot;value&quot;:null}]
1547516679109	Marionette	TRACE	0 -&gt; [0,16,&quot;WebDriver:FindElement&quot;,{&quot;using&quot;:&quot;xpath&quot;,&quot;value&quot;:&quot;//div[@class=&apos;checkin&apos;]//span[@title=&apos;Select to open calendar.&apos;][contains(text(),&apos;Select to open calendar.&apos;)]&quot;}]
1547516679114	Marionette	TRACE	0 &lt;- [1,16,null,{&quot;value&quot;:{&quot;element-6066-11e4-a52e-4f735466cecf&quot;:&quot;4a66a9e7-198e-4e42-9bc9-83b82a72db21&quot;}}]
1547516679120	Marionette	TRACE	0 -&gt; [0,17,&quot;WebDriver:ElementClick&quot;,{&quot;id&quot;:&quot;4a66a9e7-198e-4e42-9bc9-83b82a72db21&quot;}]
1547516679386	Marionette	DEBUG	[6442450945] Canceled page load listener because no navigation has been detected
1547516679387	Marionette	TRACE	0 &lt;- [1,17,null,{&quot;value&quot;:null}]
JavaScript warning: https://www.googletagmanager.com/gtag/js?id=AW-1042577807, line 87: unreachable code after return statement
JavaScript warning: https://www.googletagmanager.com/gtag/js?id=AW-1042577807, line 147: unreachable code after return statement
JavaScript warning: https://www.googletagmanager.com/gtag/js?id=AW-1042577807, line 147: unreachable code after return statement
JavaScript warning: https://www.googletagmanager.com/gtag/js?id=AW-1042577807, line 147: unreachable code after return statement
JavaScript warning: https://www.googletagmanager.com/gtag/js?id=AW-1042577807, line 87: unreachable code after return statement
JavaScript warning: https://www.googletagmanager.com/gtag/js?id=AW-1042577807, line 147: unreachable code after return statement
1547516682394	Marionette	TRACE	0 -&gt; [0,18,&quot;WebDriver:FindElement&quot;,{&quot;using&quot;:&quot;xpath&quot;,&quot;value&quot;:&quot;//input[@id=&apos;checkInDate&apos;]&quot;}]
1547516682396	Marionette	TRACE	0 &lt;- [1,18,null,{&quot;value&quot;:{&quot;element-6066-11e4-a52e-4f735466cecf&quot;:&quot;d9b2b134-9e2e-4fa1-b313-0ce1106a0f58&quot;}}]
1547516682401	Marionette	TRACE	0 -&gt; [0,19,&quot;WebDriver:ElementSendKeys&quot;,{&quot;id&quot;:&quot;d9b2b134-9e2e-4fa1-b313-0ce1106a0f58&quot;,&quot;text&quot;:&quot;Jan-26-2019&quot;,&quot;value&quot;:[&quot;J&quot;,&quot;a&quot;,&quot;n&quot;,&quot;-&quot;,&quot;2&quot;,&quot;6&quot;,&quot;-&quot;,&quot;2&quot;,&quot;0&quot;,&quot;1&quot;,&quot;9&quot;]}]
1547516682582	Marionette	TRACE	0 &lt;- [1,19,null,{&quot;value&quot;:null}]
1547516682589	Marionette	TRACE	0 -&gt; [0,20,&quot;WebDriver:FindElement&quot;,{&quot;using&quot;:&quot;xpath&quot;,&quot;value&quot;:&quot;//input[@id=&apos;checkOutDate&apos;]&quot;}]
1547516682594	Marionette	TRACE	0 &lt;- [1,20,null,{&quot;value&quot;:{&quot;element-6066-11e4-a52e-4f735466cecf&quot;:&quot;c07b0813-6e3c-4666-8d45-ca11e2e34362&quot;}}]
1547516682600	Marionette	TRACE	0 -&gt; [0,21,&quot;WebDriver:ElementSendKeys&quot;,{&quot;id&quot;:&quot;c07b0813-6e3c-4666-8d45-ca11e2e34362&quot;,&quot;text&quot;:&quot;Jan-29-2019&quot;,&quot;value&quot;:[&quot;J&quot;,&quot;a&quot;,&quot;n&quot;,&quot;-&quot;,&quot;2&quot;,&quot;9&quot;,&quot;-&quot;,&quot;2&quot;,&quot;0&quot;,&quot;1&quot;,&quot;9&quot;]}]
1547516682764	Marionette	TRACE	0 &lt;- [1,21,null,{&quot;value&quot;:null}]
1547516682768	Marionette	TRACE	0 -&gt; [0,22,&quot;WebDriver:FindElement&quot;,{&quot;using&quot;:&quot;xpath&quot;,&quot;value&quot;:&quot;//label[@for=&apos;ratePreference&apos;]&quot;}]
1547516682772	Marionette	TRACE	0 &lt;- [1,22,null,{&quot;value&quot;:{&quot;element-6066-11e4-a52e-4f735466cecf&quot;:&quot;2920a515-fdc3-4d6d-8771-b4d8c3569582&quot;}}]
1547516682781	Marionette	TRACE	0 -&gt; [0,23,&quot;WebDriver:ElementClick&quot;,{&quot;id&quot;:&quot;2920a515-fdc3-4d6d-8771-b4d8c3569582&quot;}]
1547516683027	Marionette	DEBUG	[6442450945] Canceled page load listener because no navigation has been detected
1547516683028	Marionette	TRACE	0 &lt;- [1,23,null,{&quot;value&quot;:null}]
1547516685032	Marionette	TRACE	0 -&gt; [0,24,&quot;WebDriver:FindElement&quot;,{&quot;using&quot;:&quot;xpath&quot;,&quot;value&quot;:&quot;//input[@id=&apos;lessSearchSubmit&apos;]&quot;}]
1547516685051	Marionette	TRACE	0 &lt;- [1,24,null,{&quot;value&quot;:{&quot;element-6066-11e4-a52e-4f735466cecf&quot;:&quot;bd800c9e-1fe2-4507-a9bb-335005bb8b9f&quot;}}]
1547516685056	Marionette	TRACE	0 -&gt; [0,25,&quot;WebDriver:ElementClick&quot;,{&quot;id&quot;:&quot;bd800c9e-1fe2-4507-a9bb-335005bb8b9f&quot;}]
1547516685128	Marionette	DEBUG	[6442450945] Received DOM event beforeunload for https://staging.www.ihg.com/hotels/us/en/global/bc/home
1547516686529	Marionette	DEBUG	[6442450945] Received DOM event pagehide for https://staging.www.ihg.com/hotels/us/en/global/bc/home
1547516686531	Marionette	DEBUG	[6442450945] Received DOM event unload for https://staging.www.ihg.com/hotels/us/en/global/bc/home
JavaScript warning: https://staging.www.ihg.com/static/dam/ensighten/ihg/spa/Bootstrap.js, line 443: unreachable code after return statement
JavaScript warning: https://staging.www.ihg.com/static/dam/ensighten/ihg/spa/Bootstrap.js, line 453: unreachable code after return statement
1547516687117	Marionette	DEBUG	[6442450945] Received observer notification outer-window-destroyed
1547516687118	Marionette	DEBUG	[6442450945] Received observer notification outer-window-destroyed
1547516687118	Marionette	DEBUG	[6442450945] Received observer notification outer-window-destroyed
1547516687119	Marionette	DEBUG	[6442450945] Received observer notification outer-window-destroyed
1547516687119	Marionette	DEBUG	[6442450945] Received observer notification outer-window-destroyed
1547516687119	Marionette	DEBUG	[6442450945] Received observer notification outer-window-destroyed
1547516687119	Marionette	DEBUG	[6442450945] Received observer notification outer-window-destroyed
1547516687367	Marionette	DEBUG	[6442450945] Received DOM event DOMContentLoaded for https://staging.www.ihg.com/hotels/us/en/find-hotels/hotel/list?qAdlt=1&amp;qBCId=1&amp;qBrs=ic.ki.ul.cp.in.vn.hi.ex.rs.cv.sb.cw.sp.n ... &amp;qGRM=0&amp;qLat=0&amp;qLng=0&amp;qPSt=0&amp;qRRSrt=rt&amp;qRef=df&amp;qRmP=3&amp;qRms=1&amp;qRpn=1&amp;qRpp=20&amp;qRtP=6CBARC&amp;qSHp=1&amp;qSmP=3&amp;qSrt=sBC&amp;qWch=0&amp;srb_u=1
1547516689005	Marionette	DEBUG	[6442450945] Received DOM event pageshow for https://staging.www.ihg.com/hotels/us/en/find-hotels/hotel/list?qAdlt=1&amp;qBCId=1&amp;qBrs=ic.ki.ul.cp.in.vn.hi.ex.rs.cv.sb.cw.sp.n ... &amp;qGRM=0&amp;qLat=0&amp;qLng=0&amp;qPSt=0&amp;qRRSrt=rt&amp;qRef=df&amp;qRmP=3&amp;qRms=1&amp;qRpn=1&amp;qRpp=20&amp;qRtP=6CBARC&amp;qSHp=1&amp;qSmP=3&amp;qSrt=sBC&amp;qWch=0&amp;srb_u=1
1547516689006	Marionette	TRACE	0 &lt;- [1,25,null,{&quot;value&quot;:null}]
JavaScript warning: https://staging.www.ihg.com/static/dam/ensighten/ihg/spa/Bootstrap.js, line 453: unreachable code after return statement
JavaScript warning: https://staging.www.ihg.com/static/dam/ensighten/ihg/spa/Bootstrap.js, line 443: unreachable code after return statement
JavaScript warning: https://www.googletagmanager.com/gtag/js?id=AW-1042577807, line 87: unreachable code after return statement
JavaScript warning: https://www.googletagmanager.com/gtag/js?id=AW-1042577807, line 147: unreachable code after return statement
JavaScript warning: https://www.googletagmanager.com/gtag/js?id=AW-1042577807, line 147: unreachable code after return statement
JavaScript warning: https://www.googletagmanager.com/gtag/js?id=AW-1042577807, line 147: unreachable code after return statement
1547516699013	Marionette	TRACE	0 -&gt; [0,26,&quot;WebDriver:FindElement&quot;,{&quot;using&quot;:&quot;xpath&quot;,&quot;value&quot;:&quot;(//div[contains(text(),&apos;SELECT HOTEL&apos;)])[1]&quot;}]
1547516699021	Marionette	TRACE	0 &lt;- [1,26,null,{&quot;value&quot;:{&quot;element-6066-11e4-a52e-4f735466cecf&quot;:&quot;af79c05d-5b42-41ae-9bdc-0c04541d2ae6&quot;}}]
1547516699046	Marionette	TRACE	0 -&gt; [0,27,&quot;WebDriver:PerformActions&quot;,{&quot;actions&quot;:[{&quot;actions&quot;:[{&quot;duration&quot;:100,&quot;origin&quot;:{&quot;element-6066-11e4-a52e-4f735466cecf&quot;:&quot;af7 ... pointerDown&quot;},{&quot;button&quot;:0,&quot;type&quot;:&quot;pointerUp&quot;}],&quot;id&quot;:&quot;default mouse&quot;,&quot;parameters&quot;:{&quot;pointerType&quot;:&quot;mouse&quot;},&quot;type&quot;:&quot;pointer&quot;}]}]
1547516699437	Marionette	TRACE	0 &lt;- [1,27,null,{&quot;value&quot;:null}]
JavaScript warning: https://www.googletagmanager.com/gtag/js?id=AW-1042577807, line 87: unreachable code after return statement
JavaScript warning: https://www.googletagmanager.com/gtag/js?id=AW-1042577807, line 147: unreachable code after return statement
1547516704442	Marionette	TRACE	0 -&gt; [0,28,&quot;WebDriver:FindElement&quot;,{&quot;using&quot;:&quot;xpath&quot;,&quot;value&quot;:&quot;//div[@class=&apos;hSixteen skipStepText ng-binding ng-scope&apos;]&quot;}]
1547516704449	Marionette	TRACE	0 &lt;- [1,28,{&quot;error&quot;:&quot;no such element&quot;,&quot;message&quot;:&quot;Unable to locate element: //div[@class=&apos;hSixteen skipStepText ng-binding ng-scope ... entError@chrome://marionette/content/error.js:388:5\nelement.find/&lt;/&lt;@chrome://marionette/content/element.js:339:16\n&quot;},null]
1547516707459	Marionette	TRACE	0 -&gt; [0,29,&quot;WebDriver:FindElement&quot;,{&quot;using&quot;:&quot;xpath&quot;,&quot;value&quot;:&quot;//div[@class=&apos;tab-pane ng-scope active&apos;]//div[@class=&apos;roomContainer first&apos;]//span[@class=&apos;ng-binding&apos;][contains(text(),&apos;SELECT ROOM&apos;)]&quot;}]
1547516707465	Marionette	TRACE	0 &lt;- [1,29,{&quot;error&quot;:&quot;no such element&quot;,&quot;message&quot;:&quot;Unable to locate element: //div[@class=&apos;tab-pane ng-scope active&apos;]//div[@class=&apos;r ... entError@chrome://marionette/content/error.js:388:5\nelement.find/&lt;/&lt;@chrome://marionette/content/element.js:339:16\n&quot;},null]
</system-err>
  </testcase>
  <testcase classname="MavenJenkins.BusinessChoiceFFTest" name="FireFox" time="82.608"/>
  <testcase classname="MavenJenkins.BusinessChoiceFFTest" name="FireFox" time="80.711"/>
</testsuite>