<?xml version="1.0" encoding="UTF-8"?>
<!-- Generated by org.testng.reporters.JUnitReportReporter -->
<testsuite hostname="CPX-SJJHSRSSIFU" failures="0" tests="1" name="MavenJenkins.DemotcTest" time="4.529" errors="0" timestamp="08 Jan 2019 15:56:50 GMT" skipped="0">
  <testcase classname="MavenJenkins.DemotcTest" name="testHello" time="4.529"/>
</testsuite> <!-- MavenJenkins.DemotcTest -->
