<?xml version="1.0" encoding="UTF-8"?>
<!-- Generated by org.testng.reporters.JUnitReportReporter -->
<testsuite hostname="CPX-SJJHSRSSIFU" failures="0" tests="1" name="Firefox.BusinessChoiceExcel" time="0.000" errors="0" timestamp="07 Jan 2019 02:53:58 GMT" skipped="1">
  <testcase classname="Firefox.BusinessChoiceExcel" name="f" time="0.000">
    <skipped/>
  </testcase> <!-- f -->
</testsuite> <!-- Firefox.BusinessChoiceExcel -->
