<?xml version="1.0" encoding="UTF-8"?>
<!-- Generated by org.testng.reporters.JUnitReportReporter -->
<testsuite hostname="CPX-SJJHSRSSIFU" failures="0" tests="1" name="MavenJenkins.TakeascreenshotTest" time="6.114" errors="0" timestamp="09 Jan 2019 16:27:42 GMT" skipped="0">
  <testcase classname="MavenJenkins.TakeascreenshotTest" name="takescreenshot" time="6.114"/>
</testsuite> <!-- MavenJenkins.TakeascreenshotTest -->
