<?xml version="1.0" encoding="UTF-8"?>
<!-- Generated by org.testng.reporters.JUnitReportReporter -->
<testsuite hostname="CPX-SJJHSRSSIFU" failures="0" tests="1" name="MavenJenkins.Demotc" time="4.042" errors="0" timestamp="08 Jan 2019 15:47:24 GMT" skipped="0">
  <testcase classname="MavenJenkins.Demotc" name="testHello" time="4.042"/>
</testsuite> <!-- MavenJenkins.Demotc -->
