<?xml version="1.0" encoding="UTF-8"?>
<!-- Generated by org.testng.reporters.JUnitReportReporter -->
<testsuite hostname="CPX-SJJHSRSSIFU" failures="0" tests="3" name="MavenJenkins.BusinessChoiceChromeTest" time="221.603" errors="0" timestamp="09 Jan 2019 15:00:28 GMT" skipped="0">
  <testcase classname="MavenJenkins.BusinessChoiceChromeTest" name="f" time="67.032"/>
  <testcase classname="MavenJenkins.BusinessChoiceChromeTest" name="f" time="70.364"/>
  <testcase classname="MavenJenkins.BusinessChoiceChromeTest" name="f" time="84.207"/>
</testsuite> <!-- MavenJenkins.BusinessChoiceChromeTest -->
