<?xml version="1.0" encoding="UTF-8"?>
<!-- Generated by org.testng.reporters.JUnitReportReporter -->
<testsuite hostname="CPX-SJJHSRSSIFU" failures="0" tests="1" name="MavenJenkins.TakeascreenshotTest" time="5.899" errors="0" timestamp="09 Jan 2019 20:43:37 GMT" skipped="0">
  <testcase classname="MavenJenkins.TakeascreenshotTest" name="takescreenshot" time="5.899"/>
</testsuite> <!-- MavenJenkins.TakeascreenshotTest -->
