<?xml version="1.0" encoding="UTF-8"?>
<!-- Generated by org.testng.reporters.JUnitReportReporter -->
<testsuite hostname="CPX-SJJHSRSSIFU" failures="0" tests="1" name="MavenJenkins.DemotcTest" time="4.571" errors="0" timestamp="08 Jan 2019 16:20:00 GMT" skipped="0">
  <testcase classname="MavenJenkins.DemotcTest" name="testHello" time="4.571"/>
</testsuite> <!-- MavenJenkins.DemotcTest -->
